<?xml version="1.0" encoding="UTF-8"?>
<!-- Generated by org.testng.reporters.JUnitReportReporter -->
<testsuite hostname="ruma" name="com.AboutAnnotation" tests="2" failures="0" timestamp="8 Oct 2015 19:43:22 GMT" time="0.047" errors="0">
  <testcase name="testCase1" time="0.031" classname="com.AboutAnnotation"/>
  <testcase name="testCase2" time="0.016" classname="com.AboutAnnotation"/>
</testsuite> <!-- com.AboutAnnotation -->
