<?xml version="1.0" encoding="UTF-8"?>
<!-- Generated by org.testng.reporters.JUnitReportReporter -->
<<<<<<< HEAD
<testsuite hostname="jinatfarzanas-MacBook-Air.local" name="com.DataProvide" tests="3" failures="0" timestamp="4 Oct 2015 20:58:38 GMT" time="25.339" errors="0">
  <testcase name="test" time="7.817" classname="com.DataProvide"/>
  <testcase name="test" time="9.723" classname="com.DataProvide"/>
  <testcase name="test" time="7.799" classname="com.DataProvide"/>
=======
<testsuite hostname="ABCD-PC" name="com.DataProvide" tests="3" failures="0" timestamp="4 Oct 2015 20:58:48 GMT" time="34.277" errors="0">
  <testcase name="test" time="11.529" classname="com.DataProvide"/>
  <testcase name="test" time="10.738" classname="com.DataProvide"/>
  <testcase name="test" time="12.010" classname="com.DataProvide"/>
>>>>>>> 5b058983e3e3fbcf06c8fb2691428b7afb9fd4dc
</testsuite> <!-- com.DataProvide -->
